<?xml version="1.0" encoding="UTF-8"?>
<coverage generated="1698976568402" clover="3.2.0">
  <project timestamp="1698976568402" name="All files">
    <metrics statements="215" coveredstatements="198" conditionals="107" coveredconditionals="80" methods="66" coveredmethods="55" elements="388" coveredelements="333" complexity="0" loc="215" ncloc="215" packages="6" files="14" classes="14"/>
    <package name="base">
      <metrics statements="16" coveredstatements="13" conditionals="4" coveredconditionals="2" methods="7" coveredmethods="4"/>
      <file name="footerComponent.tsx" path="C:\Users\chris\Documents\Develope\Repos\Lernplattform_Web\LearnPlattform_WebNew\LearnPlattform_WebDevelopment\src\base\footerComponent.tsx">
        <metrics statements="10" coveredstatements="7" conditionals="2" coveredconditionals="1" methods="4" coveredmethods="1"/>
        <line num="7" count="1" type="stmt"/>
        <line num="8" count="13" type="stmt"/>
        <line num="10" count="13" type="stmt"/>
        <line num="11" count="0" type="stmt"/>
        <line num="14" count="13" type="stmt"/>
        <line num="20" count="13" type="stmt"/>
        <line num="32" count="13" type="stmt"/>
        <line num="37" count="13" type="stmt"/>
        <line num="44" count="0" type="stmt"/>
        <line num="48" count="0" type="stmt"/>
      </file>
      <file name="navbarComponent.tsx" path="C:\Users\chris\Documents\Develope\Repos\Lernplattform_Web\LearnPlattform_WebNew\LearnPlattform_WebDevelopment\src\base\navbarComponent.tsx">
        <metrics statements="6" coveredstatements="6" conditionals="2" coveredconditionals="1" methods="3" coveredmethods="3"/>
        <line num="13" count="4" type="stmt"/>
        <line num="14" count="24" type="stmt"/>
        <line num="16" count="1416" type="stmt"/>
        <line num="18" count="24" type="stmt"/>
        <line num="33" count="96" type="stmt"/>
        <line num="34" count="96" type="stmt"/>
      </file>
    </package>
    <package name="modules.app_configuration">
      <metrics statements="5" coveredstatements="5" conditionals="0" coveredconditionals="0" methods="0" coveredmethods="0"/>
      <file name="app_settings.ts" path="C:\Users\chris\Documents\Develope\Repos\Lernplattform_Web\LearnPlattform_WebNew\LearnPlattform_WebDevelopment\src\modules\app_configuration\app_settings.ts">
        <metrics statements="3" coveredstatements="3" conditionals="0" coveredconditionals="0" methods="0" coveredmethods="0"/>
        <line num="1" count="1" type="stmt"/>
        <line num="2" count="1" type="stmt"/>
        <line num="3" count="1" type="stmt"/>
      </file>
      <file name="app_texts.ts" path="C:\Users\chris\Documents\Develope\Repos\Lernplattform_Web\LearnPlattform_WebNew\LearnPlattform_WebDevelopment\src\modules\app_configuration\app_texts.ts">
        <metrics statements="1" coveredstatements="1" conditionals="0" coveredconditionals="0" methods="0" coveredmethods="0"/>
        <line num="1" count="2" type="stmt"/>
      </file>
      <file name="list_lessons.ts" path="C:\Users\chris\Documents\Develope\Repos\Lernplattform_Web\LearnPlattform_WebNew\LearnPlattform_WebDevelopment\src\modules\app_configuration\list_lessons.ts">
        <metrics statements="1" coveredstatements="1" conditionals="0" coveredconditionals="0" methods="0" coveredmethods="0"/>
        <line num="1" count="5" type="stmt"/>
      </file>
    </package>
    <package name="modules.dashboard">
      <metrics statements="43" coveredstatements="43" conditionals="14" coveredconditionals="11" methods="16" coveredmethods="16"/>
      <file name="categoryProgress.ts" path="C:\Users\chris\Documents\Develope\Repos\Lernplattform_Web\LearnPlattform_WebNew\LearnPlattform_WebDevelopment\src\modules\dashboard\categoryProgress.ts">
        <metrics statements="43" coveredstatements="43" conditionals="14" coveredconditionals="11" methods="16" coveredmethods="16"/>
        <line num="10" count="2" type="stmt"/>
        <line num="11" count="1" type="cond" truecount="1" falsecount="1"/>
        <line num="12" count="3" type="stmt"/>
        <line num="13" count="1" type="stmt"/>
        <line num="14" count="1" type="stmt"/>
        <line num="16" count="1" type="stmt"/>
        <line num="17" count="2" type="stmt"/>
        <line num="18" count="6" type="stmt"/>
        <line num="19" count="4" type="cond" truecount="2" falsecount="0"/>
        <line num="21" count="6" type="stmt"/>
        <line num="22" count="2" type="stmt"/>
        <line num="24" count="2" type="stmt"/>
        <line num="27" count="1" type="stmt"/>
        <line num="37" count="2" type="stmt"/>
        <line num="38" count="5" type="cond" truecount="2" falsecount="0"/>
        <line num="39" count="239" type="stmt"/>
        <line num="40" count="5" type="stmt"/>
        <line num="41" count="5" type="stmt"/>
        <line num="43" count="5" type="stmt"/>
        <line num="44" count="18" type="stmt"/>
        <line num="45" count="6" type="stmt"/>
        <line num="46" count="4" type="cond" truecount="2" falsecount="0"/>
        <line num="49" count="950" type="stmt"/>
        <line num="50" count="18" type="stmt"/>
        <line num="53" count="18" type="stmt"/>
        <line num="56" count="18" type="stmt"/>
        <line num="57" count="18" type="stmt"/>
        <line num="58" count="18" type="stmt"/>
        <line num="60" count="18" type="stmt"/>
        <line num="68" count="5" type="stmt"/>
        <line num="72" count="2" type="stmt"/>
        <line num="73" count="239" type="stmt"/>
        <line num="76" count="5" type="stmt"/>
        <line num="78" count="5" type="stmt"/>
        <line num="82" count="2" type="stmt"/>
        <line num="83" count="1" type="stmt"/>
        <line num="84" count="1" type="stmt"/>
        <line num="86" count="1" type="cond" truecount="1" falsecount="1"/>
        <line num="87" count="1" type="stmt"/>
        <line num="90" count="1" type="cond" truecount="1" falsecount="1"/>
        <line num="91" count="1" type="stmt"/>
        <line num="92" count="1" type="stmt"/>
        <line num="93" count="1" type="stmt"/>
      </file>
    </package>
    <package name="modules.legal">
      <metrics statements="72" coveredstatements="65" conditionals="44" coveredconditionals="31" methods="18" coveredmethods="13"/>
      <file name="codeToTextParser.tsx" path="C:\Users\chris\Documents\Develope\Repos\Lernplattform_Web\LearnPlattform_WebNew\LearnPlattform_WebDevelopment\src\modules\legal\codeToTextParser.tsx">
        <metrics statements="22" coveredstatements="22" conditionals="6" coveredconditionals="6" methods="3" coveredmethods="3"/>
        <line num="7" count="3" type="stmt"/>
        <line num="8" count="13" type="stmt"/>
        <line num="9" count="13" type="stmt"/>
        <line num="10" count="13" type="stmt"/>
        <line num="11" count="13" type="stmt"/>
        <line num="12" count="14" type="stmt"/>
        <line num="13" count="14" type="stmt"/>
        <line num="14" count="14" type="stmt"/>
        <line num="15" count="14" type="stmt"/>
        <line num="16" count="6" type="stmt"/>
        <line num="17" count="6" type="cond" truecount="2" falsecount="0"/>
        <line num="18" count="5" type="stmt"/>
        <line num="20" count="6" type="stmt"/>
        <line num="21" count="6" type="stmt"/>
        <line num="22" count="6" type="stmt"/>
        <line num="23" count="6" type="stmt"/>
        <line num="25" count="14" type="stmt"/>
        <line num="26" count="14" type="cond" truecount="2" falsecount="0"/>
        <line num="27" count="12" type="stmt"/>
        <line num="29" count="14" type="stmt"/>
        <line num="36" count="13" type="stmt"/>
        <line num="39" count="13" type="stmt"/>
      </file>
      <file name="cookieConsentBanner.tsx" path="C:\Users\chris\Documents\Develope\Repos\Lernplattform_Web\LearnPlattform_WebNew\LearnPlattform_WebDevelopment\src\modules\legal\cookieConsentBanner.tsx">
        <metrics statements="42" coveredstatements="35" conditionals="38" coveredconditionals="25" methods="11" coveredmethods="6"/>
        <line num="5" count="1" type="stmt"/>
        <line num="6" count="14" type="stmt"/>
        <line num="7" count="14" type="stmt"/>
        <line num="9" count="14" type="stmt"/>
        <line num="11" count="14" type="stmt"/>
        <line num="12" count="14" type="stmt"/>
        <line num="13" count="14" type="stmt"/>
        <line num="15" count="14" type="stmt"/>
        <line num="16" count="5" type="stmt"/>
        <line num="17" count="5" type="stmt"/>
        <line num="18" count="5" type="stmt"/>
        <line num="19" count="5" type="cond" truecount="1" falsecount="1"/>
        <line num="23" count="0" type="stmt"/>
        <line num="27" count="14" type="stmt"/>
        <line num="28" count="1" type="stmt"/>
        <line num="29" count="1" type="stmt"/>
        <line num="30" count="1" type="stmt"/>
        <line num="31" count="1" type="stmt"/>
        <line num="34" count="14" type="stmt"/>
        <line num="35" count="2" type="stmt"/>
        <line num="36" count="2" type="stmt"/>
        <line num="37" count="2" type="stmt"/>
        <line num="38" count="2" type="stmt"/>
        <line num="39" count="2" type="stmt"/>
        <line num="42" count="14" type="stmt"/>
        <line num="43" count="1" type="stmt"/>
        <line num="44" count="1" type="cond" truecount="1" falsecount="1"/>
        <line num="45" count="0" type="stmt"/>
        <line num="49" count="1" type="cond" truecount="1" falsecount="1"/>
        <line num="50" count="0" type="stmt"/>
        <line num="55" count="1" type="cond" truecount="3" falsecount="1"/>
        <line num="56" count="0" type="stmt"/>
        <line num="58" count="1" type="stmt"/>
        <line num="59" count="1" type="stmt"/>
        <line num="63" count="14" type="stmt"/>
        <line num="64" count="2" type="stmt"/>
        <line num="67" count="14" type="cond" truecount="2" falsecount="0"/>
        <line num="68" count="5" type="stmt"/>
        <line num="71" count="9" type="stmt"/>
        <line num="198" count="0" type="stmt"/>
        <line num="208" count="0" type="stmt"/>
        <line num="217" count="0" type="stmt"/>
      </file>
      <file name="datenschutz.tsx" path="C:\Users\chris\Documents\Develope\Repos\Lernplattform_Web\LearnPlattform_WebNew\LearnPlattform_WebDevelopment\src\modules\legal\datenschutz.tsx">
        <metrics statements="4" coveredstatements="4" conditionals="0" coveredconditionals="0" methods="2" coveredmethods="2"/>
        <line num="13" count="1" type="stmt"/>
        <line num="14" count="3" type="stmt"/>
        <line num="16" count="3" type="stmt"/>
        <line num="24" count="1" type="stmt"/>
      </file>
      <file name="impressum.tsx" path="C:\Users\chris\Documents\Develope\Repos\Lernplattform_Web\LearnPlattform_WebNew\LearnPlattform_WebDevelopment\src\modules\legal\impressum.tsx">
        <metrics statements="4" coveredstatements="4" conditionals="0" coveredconditionals="0" methods="2" coveredmethods="2"/>
        <line num="17" count="1" type="stmt"/>
        <line num="18" count="3" type="stmt"/>
        <line num="20" count="3" type="stmt"/>
        <line num="26" count="1" type="stmt"/>
      </file>
    </package>
    <package name="modules.lessons">
      <metrics statements="27" coveredstatements="25" conditionals="23" coveredconditionals="16" methods="12" coveredmethods="12"/>
      <file name="lessonDetailQuiz.tsx" path="C:\Users\chris\Documents\Develope\Repos\Lernplattform_Web\LearnPlattform_WebNew\LearnPlattform_WebDevelopment\src\modules\lessons\lessonDetailQuiz.tsx">
        <metrics statements="7" coveredstatements="6" conditionals="13" coveredconditionals="7" methods="3" coveredmethods="3"/>
        <line num="15" count="1" type="stmt"/>
        <line num="21" count="3" type="cond" truecount="1" falsecount="1"/>
        <line num="26" count="0" type="stmt"/>
        <line num="29" count="3" type="stmt"/>
        <line num="31" count="9" type="stmt"/>
        <line num="35" count="3" type="stmt"/>
        <line num="40" count="9" type="stmt"/>
      </file>
      <file name="lessonOverview.tsx" path="C:\Users\chris\Documents\Develope\Repos\Lernplattform_Web\LearnPlattform_WebNew\LearnPlattform_WebDevelopment\src\modules\lessons\lessonOverview.tsx">
        <metrics statements="6" coveredstatements="6" conditionals="4" coveredconditionals="4" methods="3" coveredmethods="3"/>
        <line num="24" count="1" type="stmt"/>
        <line num="25" count="5" type="cond" truecount="2" falsecount="0"/>
        <line num="26" count="5" type="stmt"/>
        <line num="28" count="5" type="stmt"/>
        <line num="35" count="10" type="stmt"/>
        <line num="36" count="1" type="stmt"/>
      </file>
      <file name="sucessAnimation.tsx" path="C:\Users\chris\Documents\Develope\Repos\Lernplattform_Web\LearnPlattform_WebNew\LearnPlattform_WebDevelopment\src\modules\lessons\sucessAnimation.tsx">
        <metrics statements="14" coveredstatements="13" conditionals="6" coveredconditionals="5" methods="6" coveredmethods="6"/>
        <line num="13" count="1" type="stmt"/>
        <line num="19" count="4" type="stmt"/>
        <line num="20" count="10" type="stmt"/>
        <line num="23" count="4" type="cond" truecount="2" falsecount="0"/>
        <line num="26" count="4" type="cond" truecount="2" falsecount="0"/>
        <line num="31" count="4" type="stmt"/>
        <line num="33" count="4" type="stmt"/>
        <line num="34" count="4" type="stmt"/>
        <line num="35" count="4" type="stmt"/>
        <line num="36" count="108" type="cond" truecount="1" falsecount="1"/>
        <line num="37" count="108" type="stmt"/>
        <line num="39" count="0" type="stmt"/>
        <line num="43" count="4" type="stmt"/>
        <line num="48" count="4" type="stmt"/>
      </file>
    </package>
    <package name="modules.login">
      <metrics statements="52" coveredstatements="47" conditionals="22" coveredconditionals="20" methods="13" coveredmethods="10"/>
      <file name="passwordDialog.tsx" path="C:\Users\chris\Documents\Develope\Repos\Lernplattform_Web\LearnPlattform_WebNew\LearnPlattform_WebDevelopment\src\modules\login\passwordDialog.tsx">
        <metrics statements="52" coveredstatements="47" conditionals="22" coveredconditionals="20" methods="13" coveredmethods="10"/>
        <line num="26" count="1" type="stmt"/>
        <line num="27" count="13" type="stmt"/>
        <line num="28" count="13" type="stmt"/>
        <line num="29" count="13" type="stmt"/>
        <line num="30" count="13" type="stmt"/>
        <line num="31" count="13" type="stmt"/>
        <line num="32" count="13" type="stmt"/>
        <line num="33" count="13" type="stmt"/>
        <line num="34" count="13" type="stmt"/>
        <line num="37" count="13" type="cond" truecount="2" falsecount="0"/>
        <line num="40" count="13" type="stmt"/>
        <line num="41" count="6" type="stmt"/>
        <line num="42" count="6" type="cond" truecount="3" falsecount="1"/>
        <line num="43" count="6" type="stmt"/>
        <line num="45" count="0" type="stmt"/>
        <line num="49" count="13" type="stmt"/>
        <line num="50" count="1" type="stmt"/>
        <line num="53" count="13" type="stmt"/>
        <line num="54" count="7" type="stmt"/>
        <line num="55" count="7" type="stmt"/>
        <line num="57" count="7" type="stmt"/>
        <line num="58" count="18" type="cond" truecount="2" falsecount="0"/>
        <line num="61" count="7" type="cond" truecount="2" falsecount="0"/>
        <line num="62" count="3" type="cond" truecount="2" falsecount="0"/>
        <line num="63" count="1" type="stmt"/>
        <line num="65" count="2" type="stmt"/>
        <line num="67" count="2" type="cond" truecount="1" falsecount="1"/>
        <line num="68" count="0" type="stmt"/>
        <line num="70" count="2" type="stmt"/>
        <line num="73" count="4" type="stmt"/>
        <line num="77" count="13" type="stmt"/>
        <line num="78" count="4" type="stmt"/>
        <line num="79" count="4" type="stmt"/>
        <line num="80" count="4" type="stmt"/>
        <line num="82" count="4" type="cond" truecount="2" falsecount="0"/>
        <line num="83" count="1" type="stmt"/>
        <line num="84" count="1" type="stmt"/>
        <line num="85" count="1" type="stmt"/>
        <line num="86" count="0" type="stmt"/>
        <line num="87" count="0" type="stmt"/>
        <line num="90" count="4" type="stmt"/>
        <line num="93" count="13" type="stmt"/>
        <line num="96" count="8" type="cond" truecount="2" falsecount="0"/>
        <line num="97" count="1" type="stmt"/>
        <line num="98" count="0" type="stmt"/>
        <line num="102" count="8" type="stmt"/>
        <line num="103" count="8" type="stmt"/>
        <line num="107" count="13" type="stmt"/>
        <line num="108" count="1" type="stmt"/>
        <line num="109" count="1" type="stmt"/>
        <line num="110" count="1" type="stmt"/>
        <line num="113" count="13" type="stmt"/>
      </file>
    </package>
  </project>
</coverage>
