{"C:\\Users\\chris\\Documents\\Develope\\Repos\\Lernplattform_Web\\LearnPlattform_WebNew\\LearnPlattform_WebDevelopment\\src\\base\\footerComponent.tsx": {"path":"C:\\Users\\chris\\Documents\\Develope\\Repos\\Lernplattform_Web\\LearnPlattform_WebNew\\LearnPlattform_WebDevelopment\\src\\base\\footerComponent.tsx","statementMap":{"0":{"start":{"line":7,"column":34},"end":{"line":53,"column":1}},"1":{"start":{"line":8,"column":19},"end":{"line":8,"column":32}},"2":{"start":{"line":10,"column":27},"end":{"line":12,"column":3}},"3":{"start":{"line":11,"column":4},"end":{"line":11,"column":20}},"4":{"start":{"line":14,"column":20},"end":{"line":18,"column":3}},"5":{"start":{"line":20,"column":43},"end":{"line":30,"column":3}},"6":{"start":{"line":32,"column":43},"end":{"line":35,"column":3}},"7":{"start":{"line":37,"column":2},"end":{"line":52,"column":4}},"8":{"start":{"line":44,"column":27},"end":{"line":44,"column":57}},"9":{"start":{"line":48,"column":27},"end":{"line":48,"column":59}}},"fnMap":{"0":{"name":"(anonymous_0)","decl":{"start":{"line":7,"column":34},"end":{"line":7,"column":35}},"loc":{"start":{"line":7,"column":40},"end":{"line":53,"column":1}},"line":7},"1":{"name":"(anonymous_1)","decl":{"start":{"line":10,"column":27},"end":{"line":10,"column":28}},"loc":{"start":{"line":10,"column":46},"end":{"line":12,"column":3}},"line":10},"2":{"name":"(anonymous_2)","decl":{"start":{"line":44,"column":21},"end":{"line":44,"column":22}},"loc":{"start":{"line":44,"column":27},"end":{"line":44,"column":57}},"line":44},"3":{"name":"(anonymous_3)","decl":{"start":{"line":48,"column":21},"end":{"line":48,"column":22}},"loc":{"start":{"line":48,"column":27},"end":{"line":48,"column":59}},"line":48}},"branchMap":{"0":{"loc":{"start":{"line":40,"column":44},"end":{"line":40,"column":87}},"type":"cond-expr","locations":[{"start":{"line":40,"column":71},"end":{"line":40,"column":82}},{"start":{"line":40,"column":85},"end":{"line":40,"column":87}}],"line":40}},"s":{"0":1,"1":13,"2":13,"3":0,"4":13,"5":13,"6":13,"7":13,"8":0,"9":0},"f":{"0":13,"1":0,"2":0,"3":0},"b":{"0":[0,13]},"_coverageSchema":"1a1c01bbd47fc00a2c39e90264f33305004495a9","hash":"db552b821cbd2ad711c36d17ae60ba027f69633b"}
,"C:\\Users\\chris\\Documents\\Develope\\Repos\\Lernplattform_Web\\LearnPlattform_WebNew\\LearnPlattform_WebDevelopment\\src\\base\\navbarComponent.tsx": {"path":"C:\\Users\\chris\\Documents\\Develope\\Repos\\Lernplattform_Web\\LearnPlattform_WebNew\\LearnPlattform_WebDevelopment\\src\\base\\navbarComponent.tsx","statementMap":{"0":{"start":{"line":13,"column":47},"end":{"line":56,"column":1}},"1":{"start":{"line":14,"column":25},"end":{"line":14,"column":49}},"2":{"start":{"line":16,"column":27},"end":{"line":16,"column":92}},"3":{"start":{"line":16,"column":74},"end":{"line":16,"column":89}},"4":{"start":{"line":18,"column":2},"end":{"line":55,"column":4}},"5":{"start":{"line":33,"column":35},"end":{"line":33,"column":76}},"6":{"start":{"line":34,"column":14},"end":{"line":38,"column":16}}},"fnMap":{"0":{"name":"(anonymous_0)","decl":{"start":{"line":13,"column":47},"end":{"line":13,"column":48}},"loc":{"start":{"line":13,"column":65},"end":{"line":56,"column":1}},"line":13},"1":{"name":"(anonymous_1)","decl":{"start":{"line":16,"column":62},"end":{"line":16,"column":63}},"loc":{"start":{"line":16,"column":74},"end":{"line":16,"column":89}},"line":16},"2":{"name":"(anonymous_2)","decl":{"start":{"line":32,"column":34},"end":{"line":32,"column":35}},"loc":{"start":{"line":32,"column":48},"end":{"line":39,"column":13}},"line":32}},"branchMap":{"0":{"loc":{"start":{"line":42,"column":13},"end":{"line":50,"column":13}},"type":"cond-expr","locations":[{"start":{"line":43,"column":14},"end":{"line":45,"column":25}},{"start":{"line":47,"column":14},"end":{"line":49,"column":25}}],"line":42}},"s":{"0":1,"1":13,"2":13,"3":767,"4":13,"5":52,"6":52},"f":{"0":13,"1":767,"2":52},"b":{"0":[0,13]},"_coverageSchema":"1a1c01bbd47fc00a2c39e90264f33305004495a9","hash":"c75a7f0364efd87f2682bf720f20fc0140402965"}
,"C:\\Users\\chris\\Documents\\Develope\\Repos\\Lernplattform_Web\\LearnPlattform_WebNew\\LearnPlattform_WebDevelopment\\src\\modules\\app_configuration\\app_settings.ts": {"path":"C:\\Users\\chris\\Documents\\Develope\\Repos\\Lernplattform_Web\\LearnPlattform_WebNew\\LearnPlattform_WebDevelopment\\src\\modules\\app_configuration\\app_settings.ts","statementMap":{"0":{"start":{"line":1,"column":36},"end":{"line":1,"column":51}},"1":{"start":{"line":2,"column":33},"end":{"line":2,"column":50}},"2":{"start":{"line":3,"column":38},"end":{"line":3,"column":118}}},"fnMap":{},"branchMap":{},"s":{"0":1,"1":1,"2":1},"f":{},"b":{},"_coverageSchema":"1a1c01bbd47fc00a2c39e90264f33305004495a9","hash":"b3c12625015c07890ccdc63b5db142de932ddf9e"}
,"C:\\Users\\chris\\Documents\\Develope\\Repos\\Lernplattform_Web\\LearnPlattform_WebNew\\LearnPlattform_WebDevelopment\\src\\modules\\app_configuration\\app_texts.ts": {"path":"C:\\Users\\chris\\Documents\\Develope\\Repos\\Lernplattform_Web\\LearnPlattform_WebNew\\LearnPlattform_WebDevelopment\\src\\modules\\app_configuration\\app_texts.ts","statementMap":{"0":{"start":{"line":1,"column":29},"end":{"line":1,"column":57}},"1":{"start":{"line":1,"column":86},"end":{"line":1,"column":117}},"2":{"start":{"line":1,"column":150},"end":{"line":1,"column":196}},"3":{"start":{"line":1,"column":232},"end":{"line":1,"column":448}},"4":{"start":{"line":1,"column":476},"end":{"line":1,"column":523}},"5":{"start":{"line":1,"column":556},"end":{"line":1,"column":10740}},"6":{"start":{"line":1,"column":10771},"end":{"line":1,"column":11811}}},"fnMap":{},"branchMap":{},"s":{"0":1,"1":1,"2":1,"3":1,"4":1,"5":1,"6":1},"f":{},"b":{},"_coverageSchema":"1a1c01bbd47fc00a2c39e90264f33305004495a9","hash":"04fb99ef5fafc8579281675deed8d40d2baf1ffd"}
,"C:\\Users\\chris\\Documents\\Develope\\Repos\\Lernplattform_Web\\LearnPlattform_WebNew\\LearnPlattform_WebDevelopment\\src\\modules\\app_configuration\\list_lessons.ts": {"path":"C:\\Users\\chris\\Documents\\Develope\\Repos\\Lernplattform_Web\\LearnPlattform_WebNew\\LearnPlattform_WebDevelopment\\src\\modules\\app_configuration\\list_lessons.ts","statementMap":{"0":{"start":{"line":1,"column":16},"end":{"line":1,"column":201342}}},"fnMap":{},"branchMap":{},"s":{"0":1},"f":{},"b":{},"_coverageSchema":"1a1c01bbd47fc00a2c39e90264f33305004495a9","hash":"2da7db0ab81da294eebf6a5a7a7c43f7f47123fe"}
,"C:\\Users\\chris\\Documents\\Develope\\Repos\\Lernplattform_Web\\LearnPlattform_WebNew\\LearnPlattform_WebDevelopment\\src\\modules\\login\\passwordDialog.tsx": {"path":"C:\\Users\\chris\\Documents\\Develope\\Repos\\Lernplattform_Web\\LearnPlattform_WebNew\\LearnPlattform_WebDevelopment\\src\\modules\\login\\passwordDialog.tsx","statementMap":{"0":{"start":{"line":26,"column":54},"end":{"line":175,"column":1}},"1":{"start":{"line":27,"column":44},"end":{"line":27,"column":55}},"2":{"start":{"line":28,"column":44},"end":{"line":28,"column":55}},"3":{"start":{"line":29,"column":48},"end":{"line":29,"column":62}},"4":{"start":{"line":30,"column":19},"end":{"line":30,"column":32}},"5":{"start":{"line":31,"column":22},"end":{"line":31,"column":52}},"6":{"start":{"line":32,"column":22},"end":{"line":32,"column":52}},"7":{"start":{"line":33,"column":18},"end":{"line":33,"column":47}},"8":{"start":{"line":34,"column":25},"end":{"line":34,"column":56}},"9":{"start":{"line":37,"column":2},"end":{"line":38,"column":69}},"10":{"start":{"line":40,"column":23},"end":{"line":47,"column":3}},"11":{"start":{"line":41,"column":4},"end":{"line":41,"column":27}},"12":{"start":{"line":42,"column":4},"end":{"line":46,"column":5}},"13":{"start":{"line":43,"column":6},"end":{"line":43,"column":72}},"14":{"start":{"line":45,"column":6},"end":{"line":45,"column":37}},"15":{"start":{"line":49,"column":29},"end":{"line":51,"column":3}},"16":{"start":{"line":50,"column":4},"end":{"line":50,"column":58}},"17":{"start":{"line":53,"column":22},"end":{"line":75,"column":3}},"18":{"start":{"line":54,"column":25},"end":{"line":54,"column":49}},"19":{"start":{"line":55,"column":25},"end":{"line":55,"column":49}},"20":{"start":{"line":57,"column":24},"end":{"line":59,"column":5}},"21":{"start":{"line":58,"column":14},"end":{"line":58,"column":78}},"22":{"start":{"line":61,"column":4},"end":{"line":74,"column":5}},"23":{"start":{"line":62,"column":6},"end":{"line":71,"column":7}},"24":{"start":{"line":63,"column":8},"end":{"line":63,"column":53}},"25":{"start":{"line":65,"column":8},"end":{"line":65,"column":28}},"26":{"start":{"line":67,"column":8},"end":{"line":69,"column":9}},"27":{"start":{"line":68,"column":10},"end":{"line":68,"column":63}},"28":{"start":{"line":70,"column":8},"end":{"line":70,"column":82}},"29":{"start":{"line":73,"column":6},"end":{"line":73,"column":27}},"30":{"start":{"line":77,"column":29},"end":{"line":91,"column":3}},"31":{"start":{"line":78,"column":4},"end":{"line":78,"column":55}},"32":{"start":{"line":78,"column":37},"end":{"line":78,"column":53}},"33":{"start":{"line":79,"column":25},"end":{"line":79,"column":26}},"34":{"start":{"line":80,"column":29},"end":{"line":80,"column":38}},"35":{"start":{"line":82,"column":4},"end":{"line":89,"column":5}},"36":{"start":{"line":83,"column":6},"end":{"line":83,"column":41}},"37":{"start":{"line":84,"column":6},"end":{"line":84,"column":32}},"38":{"start":{"line":85,"column":6},"end":{"line":88,"column":27}},"39":{"start":{"line":86,"column":8},"end":{"line":86,"column":33}},"40":{"start":{"line":87,"column":8},"end":{"line":87,"column":28}},"41":{"start":{"line":90,"column":4},"end":{"line":90,"column":50}},"42":{"start":{"line":93,"column":2},"end":{"line":105,"column":22}},"43":{"start":{"line":96,"column":4},"end":{"line":100,"column":5}},"44":{"start":{"line":97,"column":6},"end":{"line":99,"column":15}},"45":{"start":{"line":98,"column":8},"end":{"line":98,"column":54}},"46":{"start":{"line":98,"column":37},"end":{"line":98,"column":52}},"47":{"start":{"line":102,"column":4},"end":{"line":104,"column":6}},"48":{"start":{"line":103,"column":6},"end":{"line":103,"column":27}},"49":{"start":{"line":107,"column":21},"end":{"line":111,"column":3}},"50":{"start":{"line":108,"column":20},"end":{"line":108,"column":44}},"51":{"start":{"line":109,"column":20},"end":{"line":109,"column":53}},"52":{"start":{"line":110,"column":4},"end":{"line":110,"column":91}},"53":{"start":{"line":113,"column":2},"end":{"line":174,"column":4}}},"fnMap":{"0":{"name":"(anonymous_0)","decl":{"start":{"line":26,"column":54},"end":{"line":26,"column":55}},"loc":{"start":{"line":26,"column":99},"end":{"line":175,"column":1}},"line":26},"1":{"name":"(anonymous_1)","decl":{"start":{"line":40,"column":23},"end":{"line":40,"column":24}},"loc":{"start":{"line":40,"column":68},"end":{"line":47,"column":3}},"line":40},"2":{"name":"(anonymous_2)","decl":{"start":{"line":49,"column":29},"end":{"line":49,"column":30}},"loc":{"start":{"line":49,"column":35},"end":{"line":51,"column":3}},"line":49},"3":{"name":"(anonymous_3)","decl":{"start":{"line":53,"column":22},"end":{"line":53,"column":23}},"loc":{"start":{"line":53,"column":62},"end":{"line":75,"column":3}},"line":53},"4":{"name":"(anonymous_4)","decl":{"start":{"line":58,"column":6},"end":{"line":58,"column":7}},"loc":{"start":{"line":58,"column":14},"end":{"line":58,"column":78}},"line":58},"5":{"name":"(anonymous_5)","decl":{"start":{"line":77,"column":29},"end":{"line":77,"column":30}},"loc":{"start":{"line":77,"column":35},"end":{"line":91,"column":3}},"line":77},"6":{"name":"(anonymous_6)","decl":{"start":{"line":78,"column":21},"end":{"line":78,"column":22}},"loc":{"start":{"line":78,"column":37},"end":{"line":78,"column":53}},"line":78},"7":{"name":"(anonymous_7)","decl":{"start":{"line":85,"column":17},"end":{"line":85,"column":18}},"loc":{"start":{"line":85,"column":23},"end":{"line":88,"column":7}},"line":85},"8":{"name":"(anonymous_8)","decl":{"start":{"line":93,"column":12},"end":{"line":93,"column":13}},"loc":{"start":{"line":93,"column":18},"end":{"line":105,"column":3}},"line":93},"9":{"name":"(anonymous_9)","decl":{"start":{"line":97,"column":26},"end":{"line":97,"column":27}},"loc":{"start":{"line":97,"column":32},"end":{"line":99,"column":7}},"line":97},"10":{"name":"(anonymous_10)","decl":{"start":{"line":98,"column":25},"end":{"line":98,"column":26}},"loc":{"start":{"line":98,"column":37},"end":{"line":98,"column":52}},"line":98},"11":{"name":"(anonymous_11)","decl":{"start":{"line":102,"column":11},"end":{"line":102,"column":12}},"loc":{"start":{"line":102,"column":17},"end":{"line":104,"column":5}},"line":102},"12":{"name":"(anonymous_12)","decl":{"start":{"line":107,"column":21},"end":{"line":107,"column":22}},"loc":{"start":{"line":107,"column":39},"end":{"line":111,"column":3}},"line":107}},"branchMap":{"0":{"loc":{"start":{"line":37,"column":2},"end":{"line":38,"column":69}},"type":"binary-expr","locations":[{"start":{"line":37,"column":2},"end":{"line":37,"column":71}},{"start":{"line":38,"column":2},"end":{"line":38,"column":69}}],"line":37},"1":{"loc":{"start":{"line":42,"column":4},"end":{"line":46,"column":5}},"type":"if","locations":[{"start":{"line":42,"column":4},"end":{"line":46,"column":5}},{"start":{"line":44,"column":11},"end":{"line":46,"column":5}}],"line":42},"2":{"loc":{"start":{"line":42,"column":8},"end":{"line":42,"column":50}},"type":"binary-expr","locations":[{"start":{"line":42,"column":8},"end":{"line":42,"column":27}},{"start":{"line":42,"column":31},"end":{"line":42,"column":50}}],"line":42},"3":{"loc":{"start":{"line":58,"column":14},"end":{"line":58,"column":78}},"type":"binary-expr","locations":[{"start":{"line":58,"column":14},"end":{"line":58,"column":44}},{"start":{"line":58,"column":48},"end":{"line":58,"column":78}}],"line":58},"4":{"loc":{"start":{"line":61,"column":4},"end":{"line":74,"column":5}},"type":"if","locations":[{"start":{"line":61,"column":4},"end":{"line":74,"column":5}},{"start":{"line":72,"column":11},"end":{"line":74,"column":5}}],"line":61},"5":{"loc":{"start":{"line":62,"column":6},"end":{"line":71,"column":7}},"type":"if","locations":[{"start":{"line":62,"column":6},"end":{"line":71,"column":7}},{"start":{"line":64,"column":13},"end":{"line":71,"column":7}}],"line":62},"6":{"loc":{"start":{"line":67,"column":8},"end":{"line":69,"column":9}},"type":"if","locations":[{"start":{"line":67,"column":8},"end":{"line":69,"column":9}},{"start":{},"end":{}}],"line":67},"7":{"loc":{"start":{"line":82,"column":4},"end":{"line":89,"column":5}},"type":"if","locations":[{"start":{"line":82,"column":4},"end":{"line":89,"column":5}},{"start":{},"end":{}}],"line":82},"8":{"loc":{"start":{"line":96,"column":4},"end":{"line":100,"column":5}},"type":"if","locations":[{"start":{"line":96,"column":4},"end":{"line":100,"column":5}},{"start":{},"end":{}}],"line":96},"9":{"loc":{"start":{"line":122,"column":9},"end":{"line":170,"column":9}},"type":"cond-expr","locations":[{"start":{"line":123,"column":10},"end":{"line":160,"column":16}},{"start":{"line":162,"column":10},"end":{"line":169,"column":16}}],"line":122},"10":{"loc":{"start":{"line":152,"column":19},"end":{"line":156,"column":19}},"type":"binary-expr","locations":[{"start":{"line":152,"column":19},"end":{"line":152,"column":41}},{"start":{"line":153,"column":20},"end":{"line":155,"column":29}}],"line":152}},"s":{"0":1,"1":13,"2":13,"3":13,"4":13,"5":13,"6":13,"7":13,"8":13,"9":13,"10":13,"11":6,"12":6,"13":6,"14":0,"15":13,"16":1,"17":13,"18":7,"19":7,"20":7,"21":18,"22":7,"23":3,"24":1,"25":2,"26":2,"27":0,"28":2,"29":4,"30":13,"31":4,"32":4,"33":4,"34":4,"35":4,"36":1,"37":1,"38":1,"39":0,"40":0,"41":4,"42":13,"43":8,"44":1,"45":0,"46":0,"47":8,"48":8,"49":13,"50":1,"51":1,"52":1,"53":13},"f":{"0":13,"1":6,"2":1,"3":7,"4":18,"5":4,"6":4,"7":0,"8":8,"9":0,"10":0,"11":8,"12":1},"b":{"0":[13,13],"1":[6,0],"2":[6,6],"3":[18,3],"4":[3,4],"5":[1,2],"6":[0,2],"7":[1,3],"8":[1,7],"9":[12,1],"10":[12,12]},"_coverageSchema":"1a1c01bbd47fc00a2c39e90264f33305004495a9","hash":"900bf296948786322710ceedd825b6ac14de8e8d"}
}
