{"C:\\Users\\chris\\Documents\\Develope\\Repos\\Lernplattform_Web\\LearnPlattform_WebNew\\LearnPlattform_WebDevelopment\\src\\modules\\legal\\codeToTextParser.tsx": {"path":"C:\\Users\\chris\\Documents\\Develope\\Repos\\Lernplattform_Web\\LearnPlattform_WebNew\\LearnPlattform_WebDevelopment\\src\\modules\\legal\\codeToTextParser.tsx","statementMap":{"0":{"start":{"line":7,"column":61},"end":{"line":40,"column":1}},"1":{"start":{"line":8,"column":31},"end":{"line":37,"column":3}},"2":{"start":{"line":9,"column":22},"end":{"line":9,"column":48}},"3":{"start":{"line":10,"column":18},"end":{"line":10,"column":38}},"4":{"start":{"line":11,"column":19},"end":{"line":35,"column":6}},"5":{"start":{"line":12,"column":25},"end":{"line":12,"column":26}},"6":{"start":{"line":13,"column":23},"end":{"line":13,"column":25}},"7":{"start":{"line":14,"column":18},"end":{"line":14,"column":38}},"8":{"start":{"line":15,"column":6},"end":{"line":24,"column":7}},"9":{"start":{"line":16,"column":23},"end":{"line":16,"column":60}},"10":{"start":{"line":17,"column":8},"end":{"line":19,"column":9}},"11":{"start":{"line":18,"column":10},"end":{"line":18,"column":32}},"12":{"start":{"line":20,"column":21},"end":{"line":20,"column":29}},"13":{"start":{"line":21,"column":8},"end":{"line":21,"column":59}},"14":{"start":{"line":22,"column":8},"end":{"line":22,"column":53}},"15":{"start":{"line":23,"column":8},"end":{"line":23,"column":37}},"16":{"start":{"line":25,"column":24},"end":{"line":25,"column":48}},"17":{"start":{"line":26,"column":6},"end":{"line":28,"column":7}},"18":{"start":{"line":27,"column":8},"end":{"line":27,"column":33}},"19":{"start":{"line":29,"column":6},"end":{"line":34,"column":8}},"20":{"start":{"line":36,"column":4},"end":{"line":36,"column":18}},"21":{"start":{"line":39,"column":2},"end":{"line":39,"column":43}}},"fnMap":{"0":{"name":"(anonymous_0)","decl":{"start":{"line":7,"column":61},"end":{"line":7,"column":62}},"loc":{"start":{"line":7,"column":75},"end":{"line":40,"column":1}},"line":7},"1":{"name":"(anonymous_1)","decl":{"start":{"line":8,"column":31},"end":{"line":8,"column":32}},"loc":{"start":{"line":8,"column":49},"end":{"line":37,"column":3}},"line":8},"2":{"name":"(anonymous_2)","decl":{"start":{"line":11,"column":29},"end":{"line":11,"column":30}},"loc":{"start":{"line":11,"column":46},"end":{"line":35,"column":5}},"line":11}},"branchMap":{"0":{"loc":{"start":{"line":17,"column":8},"end":{"line":19,"column":9}},"type":"if","locations":[{"start":{"line":17,"column":8},"end":{"line":19,"column":9}},{"start":{},"end":{}}],"line":17},"1":{"loc":{"start":{"line":26,"column":6},"end":{"line":28,"column":7}},"type":"if","locations":[{"start":{"line":26,"column":6},"end":{"line":28,"column":7}},{"start":{},"end":{}}],"line":26},"2":{"loc":{"start":{"line":32,"column":11},"end":{"line":32,"column":45}},"type":"binary-expr","locations":[{"start":{"line":32,"column":11},"end":{"line":32,"column":35}},{"start":{"line":32,"column":39},"end":{"line":32,"column":45}}],"line":32}},"s":{"0":1,"1":7,"2":7,"3":7,"4":7,"5":8,"6":8,"7":8,"8":8,"9":6,"10":6,"11":5,"12":6,"13":6,"14":6,"15":6,"16":8,"17":8,"18":6,"19":8,"20":7,"21":7},"f":{"0":7,"1":7,"2":8},"b":{"0":[5,1],"1":[6,2],"2":[8,1]},"_coverageSchema":"1a1c01bbd47fc00a2c39e90264f33305004495a9","hash":"46933529128c6f7ec24248b17618989d88245cc0"}
}
