TN:
SF:src\base\footerComponent.tsx
FN:7,(anonymous_0)
FN:10,(anonymous_1)
FN:44,(anonymous_2)
FN:48,(anonymous_3)
FNF:4
FNH:1
FNDA:13,(anonymous_0)
FNDA:0,(anonymous_1)
FNDA:0,(anonymous_2)
FNDA:0,(anonymous_3)
DA:7,1
DA:8,13
DA:10,13
DA:11,0
DA:14,13
DA:20,13
DA:32,13
DA:37,13
DA:44,0
DA:48,0
LF:10
LH:7
BRDA:40,0,0,0
BRDA:40,0,1,13
BRF:2
BRH:1
end_of_record
TN:
SF:src\base\navbarComponent.tsx
FN:13,(anonymous_0)
FN:16,(anonymous_1)
FN:32,(anonymous_2)
FNF:3
FNH:3
FNDA:13,(anonymous_0)
FNDA:767,(anonymous_1)
FNDA:52,(anonymous_2)
DA:13,1
DA:14,13
DA:16,767
DA:18,13
DA:33,52
DA:34,52
LF:6
LH:6
BRDA:42,0,0,0
BRDA:42,0,1,13
BRF:2
BRH:1
end_of_record
TN:
SF:src\modules\app_configuration\app_settings.ts
FNF:0
FNH:0
DA:1,1
DA:2,1
DA:3,1
LF:3
LH:3
BRF:0
BRH:0
end_of_record
TN:
SF:src\modules\app_configuration\app_texts.ts
FNF:0
FNH:0
DA:1,1
LF:1
LH:1
BRF:0
BRH:0
end_of_record
TN:
SF:src\modules\app_configuration\list_lessons.ts
FNF:0
FNH:0
DA:1,1
LF:1
LH:1
BRF:0
BRH:0
end_of_record
TN:
SF:src\modules\login\passwordDialog.tsx
FN:26,(anonymous_0)
FN:40,(anonymous_1)
FN:49,(anonymous_2)
FN:53,(anonymous_3)
FN:58,(anonymous_4)
FN:77,(anonymous_5)
FN:78,(anonymous_6)
FN:85,(anonymous_7)
FN:93,(anonymous_8)
FN:97,(anonymous_9)
FN:98,(anonymous_10)
FN:102,(anonymous_11)
FN:107,(anonymous_12)
FNF:13
FNH:10
FNDA:13,(anonymous_0)
FNDA:6,(anonymous_1)
FNDA:1,(anonymous_2)
FNDA:7,(anonymous_3)
FNDA:18,(anonymous_4)
FNDA:4,(anonymous_5)
FNDA:4,(anonymous_6)
FNDA:0,(anonymous_7)
FNDA:8,(anonymous_8)
FNDA:0,(anonymous_9)
FNDA:0,(anonymous_10)
FNDA:8,(anonymous_11)
FNDA:1,(anonymous_12)
DA:26,1
DA:27,13
DA:28,13
DA:29,13
DA:30,13
DA:31,13
DA:32,13
DA:33,13
DA:34,13
DA:37,13
DA:40,13
DA:41,6
DA:42,6
DA:43,6
DA:45,0
DA:49,13
DA:50,1
DA:53,13
DA:54,7
DA:55,7
DA:57,7
DA:58,18
DA:61,7
DA:62,3
DA:63,1
DA:65,2
DA:67,2
DA:68,0
DA:70,2
DA:73,4
DA:77,13
DA:78,4
DA:79,4
DA:80,4
DA:82,4
DA:83,1
DA:84,1
DA:85,1
DA:86,0
DA:87,0
DA:90,4
DA:93,13
DA:96,8
DA:97,1
DA:98,0
DA:102,8
DA:103,8
DA:107,13
DA:108,1
DA:109,1
DA:110,1
DA:113,13
LF:52
LH:47
BRDA:37,0,0,13
BRDA:37,0,1,13
BRDA:42,1,0,6
BRDA:42,1,1,0
BRDA:42,2,0,6
BRDA:42,2,1,6
BRDA:58,3,0,18
BRDA:58,3,1,3
BRDA:61,4,0,3
BRDA:61,4,1,4
BRDA:62,5,0,1
BRDA:62,5,1,2
BRDA:67,6,0,0
BRDA:67,6,1,2
BRDA:82,7,0,1
BRDA:82,7,1,3
BRDA:96,8,0,1
BRDA:96,8,1,7
BRDA:122,9,0,12
BRDA:122,9,1,1
BRDA:152,10,0,12
BRDA:152,10,1,12
BRF:22
BRH:20
end_of_record
