TN:
SF:src\base\navbarComponent.tsx
FN:13,(anonymous_0)
FN:16,(anonymous_1)
FN:32,(anonymous_2)
FNF:3
FNH:3
FNDA:5,(anonymous_0)
FNDA:295,(anonymous_1)
FNDA:20,(anonymous_2)
DA:13,1
DA:14,5
DA:16,295
DA:18,5
DA:33,20
DA:34,20
LF:6
LH:6
BRDA:42,0,0,0
BRDA:42,0,1,5
BRF:2
BRH:1
end_of_record
TN:
SF:src\modules\app_configuration\app_texts.ts
FNF:0
FNH:0
DA:1,1
LF:1
LH:1
BRF:0
BRH:0
end_of_record
TN:
SF:src\modules\app_configuration\list_lessons.ts
FNF:0
FNH:0
DA:1,1
LF:1
LH:1
BRF:0
BRH:0
end_of_record
TN:
SF:src\modules\lessons\lessonOverview.tsx
FN:24,(anonymous_0)
FN:34,(anonymous_1)
FN:36,(anonymous_2)
FNF:3
FNH:3
FNDA:5,(anonymous_0)
FNDA:10,(anonymous_1)
FNDA:1,(anonymous_2)
DA:24,1
DA:25,5
DA:26,5
DA:28,5
DA:35,10
DA:36,1
LF:6
LH:6
BRDA:25,0,0,5
BRDA:25,0,1,2
BRDA:40,1,0,10
BRDA:40,1,1,3
BRF:4
BRH:4
end_of_record
